@rollup/plugin-replace: 'preventAssignment' currently defaults to false. It is recommended to set this option to `true`, as the next major version will default this option to `true`.
@rollup/plugin-replace: 'preventAssignment' currently defaults to false. It is recommended to set this option to `true`, as the next major version will default this option to `true`.
⠙ Creating entry file
[2K[1A[2K[G✓ Creating entry file 851 ms
⠙ Building modules
[2K[1A[2K[G⠹ Building modules
[2K[1A[2K[G⠸ Building modules
[2K[1A[2K[G⠼ Building modules
[2K[1A[2K[G⠴ Building modules
[2K[1A[2K[G⠦ Building modules
[2K[1A[2K[G⠧ Building modules
[2K[1A[2K[G⠇ Building modules
[2K[1A[2K[G⠏ Building modules
[2K[1A[2K[G⠋ Building modules
[2K[1A[2K[G⠙ Building modules
[2K[1A[2K[G⠹ Building modules
[2K[1A[2K[G⠸ Building modules
[2K[1A[2K[G⠼ Building modules
[2K[1A[2K[G⠴ Building modules
[2K[1A[2K[G⠦ Building modules
[2K[1A[2K[G⠧ Building modules
[2K[1A[2K[G⠇ Building modules
[2K[1A[2K[G⠏ Building modules
[2K[1A[2K[G⠋ Building modules
[2K[1A[2K[G⠙ Building modules
[2K[1A[2K[G⠹ Building modules
[2K[1A[2K[G⠸ Building modules
[2K[1A[2K[G⠼ Building modules
[2K[1A[2K[G⠴ Building modules
[2K[1A[2K[G⠦ Building modules
[2K[1A[2K[G⠧ Building modules
[2K[1A[2K[G⠇ Building modules
[2K[1A[2K[G⠏ Building modules
[2K[1A[2K[G⠋ Building modules
[2K[1A[2K[G⠙ Building modules
[tsdx]: Your rootDir is currently set to "./". Please change your rootDir to "./src".
TSDX has deprecated setting tsconfig.compilerOptions.rootDir to "./" as it caused buggy output for declarationMaps and more.
You may also need to change your include to remove "test", which also caused declarations to be unnecessarily created for test files.
[2K[1A[2K[G✓ Building modules 12.5 secs
